
2023/08/07 (23:14:51) | ===> btop++ v.1.2.3
2023/08/07 (23:14:51) | ERROR: No UTF-8 locale detected!
Use --utf-force argument to force start if you're sure your terminal can handle it.

2023/08/07 (23:15:04) | ===> btop++ v.1.2.3
2023/08/07 (23:15:04) | ERROR: No UTF-8 locale detected!
Use --utf-force argument to force start if you're sure your terminal can handle it.

2023/08/07 (23:15:21) | ===> btop++ v.1.2.3
2023/08/07 (23:15:21) | ERROR: No UTF-8 locale detected!
Use --utf-force argument to force start if you're sure your terminal can handle it.

2023/08/07 (23:16:05) | ===> btop++ v.1.2.3
2023/08/07 (23:16:05) | ERROR: No UTF-8 locale detected!
Use --utf-force argument to force start if you're sure your terminal can handle it.

2023/08/07 (23:16:39) | ===> btop++ v.1.2.3
2023/08/07 (23:16:39) | WARNING: No good candidate for cpu sensor found, using random from all found sensors.

2024/05/16 (12:13:56) | ===> btop++ v.1.3.2
2024/05/16 (12:13:56) | WARNING: No good candidate for cpu sensor found, using random from all found sensors.

2024/05/16 (21:58:13) | ===> btop++ v.1.3.2
2024/05/16 (21:58:13) | WARNING: No good candidate for cpu sensor found, using random from all found sensors.

2024/05/16 (22:00:51) | ===> btop++ v.1.3.2
2024/05/16 (22:00:51) | WARNING: No good candidate for cpu sensor found, using random from all found sensors.
2024/05/16 (22:01:38) | ERROR: Exception during Config::unlock() : unordered_map::at

2024/05/16 (22:01:51) | ===> btop++ v.1.3.2
2024/05/16 (22:01:51) | WARNING: No good candidate for cpu sensor found, using random from all found sensors.

2024/05/17 (12:31:10) | ===> btop++ v.1.3.2
2024/05/17 (12:31:10) | WARNING: No good candidate for cpu sensor found, using random from all found sensors.

2024/05/18 (16:04:02) | ===> btop++ v.1.3.2
2024/05/18 (16:04:02) | WARNING: No good candidate for cpu sensor found, using random from all found sensors.

2024/05/18 (16:04:45) | ===> btop++ v.1.3.2
2024/05/18 (16:04:45) | WARNING: No good candidate for cpu sensor found, using random from all found sensors.

2024/05/18 (16:07:03) | ===> btop++ v.1.3.2
2024/05/18 (16:07:03) | WARNING: No good candidate for cpu sensor found, using random from all found sensors.

2024/05/18 (19:05:05) | ===> btop++ v.1.3.2
2024/05/18 (19:05:05) | WARNING: No good candidate for cpu sensor found, using random from all found sensors.

2024/05/18 (19:06:59) | ===> btop++ v.1.3.2
2024/05/18 (19:06:59) | WARNING: No good candidate for cpu sensor found, using random from all found sensors.

2024/05/20 (12:33:15) | ===> btop++ v.1.3.2
2024/05/20 (12:33:15) | WARNING: No good candidate for cpu sensor found, using random from all found sensors.

2024/05/20 (13:56:15) | ===> btop++ v.1.3.2
2024/05/20 (13:56:15) | WARNING: No good candidate for cpu sensor found, using random from all found sensors.

2024/05/21 (18:06:24) | ===> btop++ v.1.3.2
2024/05/21 (18:06:24) | WARNING: No good candidate for cpu sensor found, using random from all found sensors.

2024/05/21 (19:54:21) | ===> btop++ v.1.3.2
2024/05/21 (19:54:21) | WARNING: No good candidate for cpu sensor found, using random from all found sensors.

2024/05/21 (20:15:41) | ===> btop++ v.1.3.2
2024/05/21 (20:15:41) | WARNING: No good candidate for cpu sensor found, using random from all found sensors.

2024/05/21 (21:58:25) | ===> btop++ v.1.3.2
2024/05/21 (21:58:25) | WARNING: No good candidate for cpu sensor found, using random from all found sensors.

2024/05/22 (11:48:01) | ===> btop++ v.1.3.2
2024/05/22 (11:48:01) | WARNING: No good candidate for cpu sensor found, using random from all found sensors.

2024/05/22 (12:45:30) | ===> btop++ v.1.3.2
2024/05/22 (12:45:30) | WARNING: No good candidate for cpu sensor found, using random from all found sensors.

2024/05/22 (14:56:06) | ===> btop++ v.1.3.2
2024/05/22 (14:56:06) | WARNING: No good candidate for cpu sensor found, using random from all found sensors.

2024/05/22 (14:59:11) | ===> btop++ v.1.3.2
2024/05/22 (14:59:11) | WARNING: No good candidate for cpu sensor found, using random from all found sensors.

2024/05/22 (15:00:33) | ===> btop++ v.1.3.2
2024/05/22 (15:00:33) | WARNING: No good candidate for cpu sensor found, using random from all found sensors.
2024/05/22 (15:08:02) | ERROR: Stall in Runner thread, restarting!

2024/05/22 (22:38:03) | ===> btop++ v.1.3.2
2024/05/22 (22:38:03) | WARNING: No good candidate for cpu sensor found, using random from all found sensors.

2024/05/22 (22:39:16) | ===> btop++ v.1.3.2
2024/05/22 (22:39:16) | WARNING: No good candidate for cpu sensor found, using random from all found sensors.

2024/05/23 (11:48:04) | ===> btop++ v.1.3.2
2024/05/23 (11:48:04) | WARNING: No good candidate for cpu sensor found, using random from all found sensors.

2024/05/23 (11:48:59) | ===> btop++ v.1.3.2
2024/05/23 (11:48:59) | WARNING: No good candidate for cpu sensor found, using random from all found sensors.

2024/05/23 (11:51:36) | ===> btop++ v.1.3.2
2024/05/23 (11:51:36) | WARNING: No good candidate for cpu sensor found, using random from all found sensors.

2024/05/23 (11:55:30) | ===> btop++ v.1.3.2
2024/05/23 (11:55:30) | WARNING: No good candidate for cpu sensor found, using random from all found sensors.

2024/05/23 (12:09:46) | ===> btop++ v.1.3.2
2024/05/23 (12:09:46) | WARNING: No good candidate for cpu sensor found, using random from all found sensors.

2024/05/23 (12:11:37) | ===> btop++ v.1.3.2
2024/05/23 (12:11:37) | WARNING: No good candidate for cpu sensor found, using random from all found sensors.

2024/05/23 (12:14:45) | ===> btop++ v.1.3.2
2024/05/23 (12:14:45) | WARNING: No good candidate for cpu sensor found, using random from all found sensors.

2024/05/23 (12:16:07) | ===> btop++ v.1.3.2
2024/05/23 (12:16:07) | WARNING: No good candidate for cpu sensor found, using random from all found sensors.

2024/05/23 (13:00:24) | ===> btop++ v.1.3.2
2024/05/23 (13:00:24) | WARNING: No good candidate for cpu sensor found, using random from all found sensors.

2024/05/23 (13:08:36) | ===> btop++ v.1.3.2
2024/05/23 (13:08:36) | WARNING: No good candidate for cpu sensor found, using random from all found sensors.

2024/05/23 (17:17:45) | ===> btop++ v.1.3.2
2024/05/23 (17:17:45) | WARNING: No good candidate for cpu sensor found, using random from all found sensors.

2024/05/23 (23:45:30) | ===> btop++ v.1.3.2
2024/05/23 (23:45:30) | WARNING: No good candidate for cpu sensor found, using random from all found sensors.

2024/05/24 (11:23:15) | ===> btop++ v.1.3.2
2024/05/24 (11:23:15) | WARNING: No good candidate for cpu sensor found, using random from all found sensors.

2024/05/24 (15:03:01) | ===> btop++ v.1.3.2
2024/05/24 (15:03:01) | WARNING: No good candidate for cpu sensor found, using random from all found sensors.

2024/05/24 (22:39:47) | ===> btop++ v.1.3.2
2024/05/24 (22:39:47) | WARNING: No good candidate for cpu sensor found, using random from all found sensors.

2024/05/24 (23:22:28) | ===> btop++ v.1.3.2
2024/05/24 (23:22:28) | WARNING: No good candidate for cpu sensor found, using random from all found sensors.

2024/05/25 (00:05:22) | ===> btop++ v.1.3.2
2024/05/25 (00:05:22) | WARNING: No good candidate for cpu sensor found, using random from all found sensors.

2024/05/25 (18:37:10) | ===> btop++ v.1.3.2
2024/05/25 (18:37:10) | WARNING: No good candidate for cpu sensor found, using random from all found sensors.

2024/05/25 (20:08:54) | ===> btop++ v.1.3.2
2024/05/25 (20:08:54) | WARNING: No good candidate for cpu sensor found, using random from all found sensors.

2024/05/25 (20:09:47) | ===> btop++ v.1.3.2
2024/05/25 (20:09:47) | WARNING: No good candidate for cpu sensor found, using random from all found sensors.

2024/05/26 (11:50:28) | ===> btop++ v.1.3.2
2024/05/26 (11:50:28) | WARNING: No good candidate for cpu sensor found, using random from all found sensors.

2024/05/27 (09:18:51) | ===> btop++ v.1.3.2
2024/05/27 (09:18:51) | WARNING: No good candidate for cpu sensor found, using random from all found sensors.

2024/05/27 (13:28:30) | ===> btop++ v.1.3.2
2024/05/27 (13:28:30) | WARNING: No good candidate for cpu sensor found, using random from all found sensors.

2024/05/27 (14:15:45) | ===> btop++ v.1.3.2
2024/05/27 (14:15:45) | WARNING: No good candidate for cpu sensor found, using random from all found sensors.

2024/05/27 (14:16:06) | ===> btop++ v.1.3.2
2024/05/27 (14:16:06) | WARNING: No good candidate for cpu sensor found, using random from all found sensors.

2024/05/27 (14:16:22) | ===> btop++ v.1.3.2
2024/05/27 (14:16:22) | WARNING: No good candidate for cpu sensor found, using random from all found sensors.

2024/05/27 (15:50:18) | ===> btop++ v.1.3.2
2024/05/27 (15:50:18) | WARNING: No good candidate for cpu sensor found, using random from all found sensors.

2024/05/27 (18:25:45) | ===> btop++ v.1.3.2
2024/05/27 (18:25:45) | WARNING: No good candidate for cpu sensor found, using random from all found sensors.

2024/05/27 (18:50:05) | ===> btop++ v.1.3.2
2024/05/27 (18:50:05) | WARNING: No good candidate for cpu sensor found, using random from all found sensors.

2024/05/27 (18:52:20) | ===> btop++ v.1.3.2
2024/05/27 (18:52:20) | WARNING: No good candidate for cpu sensor found, using random from all found sensors.

2024/05/27 (18:57:40) | ===> btop++ v.1.3.2
2024/05/27 (18:57:40) | WARNING: No good candidate for cpu sensor found, using random from all found sensors.

2024/05/27 (19:01:55) | ===> btop++ v.1.3.2
2024/05/27 (19:01:55) | WARNING: No good candidate for cpu sensor found, using random from all found sensors.

2024/05/27 (20:06:09) | ===> btop++ v.1.3.2
2024/05/27 (20:06:09) | WARNING: No good candidate for cpu sensor found, using random from all found sensors.

2024/05/28 (19:04:13) | ===> btop++ v.1.3.2
2024/05/28 (19:04:13) | WARNING: No good candidate for cpu sensor found, using random from all found sensors.

2024/05/28 (19:21:49) | ===> btop++ v.1.3.2
2024/05/28 (19:21:49) | WARNING: No good candidate for cpu sensor found, using random from all found sensors.

2024/05/28 (19:23:59) | ===> btop++ v.1.3.2
2024/05/28 (19:23:59) | WARNING: No good candidate for cpu sensor found, using random from all found sensors.

2024/05/29 (13:48:17) | ===> btop++ v.1.3.2
2024/05/29 (13:48:17) | WARNING: No good candidate for cpu sensor found, using random from all found sensors.

2024/05/29 (18:48:31) | ===> btop++ v.1.3.2
2024/05/29 (18:48:31) | WARNING: No good candidate for cpu sensor found, using random from all found sensors.
2024/05/29 (18:48:44) | ERROR: Stall in Runner thread, restarting!

2024/05/29 (18:49:30) | ===> btop++ v.1.3.2
2024/05/29 (18:49:30) | WARNING: No good candidate for cpu sensor found, using random from all found sensors.

2024/05/30 (17:26:00) | ===> btop++ v.1.3.2
2024/05/30 (17:26:00) | WARNING: No good candidate for cpu sensor found, using random from all found sensors.

2024/05/30 (17:26:18) | ===> btop++ v.1.3.2
2024/05/30 (17:26:18) | WARNING: No good candidate for cpu sensor found, using random from all found sensors.

2024/05/30 (17:46:00) | ===> btop++ v.1.3.2
2024/05/30 (17:46:00) | WARNING: No good candidate for cpu sensor found, using random from all found sensors.

2024/06/02 (12:58:14) | ===> btop++ v.1.3.2
2024/06/02 (12:58:14) | WARNING: No good candidate for cpu sensor found, using random from all found sensors.

2024/06/02 (13:34:45) | ===> btop++ v.1.3.2
2024/06/02 (13:34:45) | WARNING: No good candidate for cpu sensor found, using random from all found sensors.

2024/06/02 (18:54:21) | ===> btop++ v.1.3.2
2024/06/02 (18:54:21) | WARNING: No good candidate for cpu sensor found, using random from all found sensors.

2024/06/02 (22:02:27) | ===> btop++ v.1.3.2
2024/06/02 (22:02:27) | WARNING: No good candidate for cpu sensor found, using random from all found sensors.

2024/06/02 (22:08:46) | ===> btop++ v.1.3.2
2024/06/02 (22:08:46) | WARNING: No good candidate for cpu sensor found, using random from all found sensors.

2024/06/02 (23:00:32) | ===> btop++ v.1.3.2
2024/06/02 (23:00:32) | WARNING: No good candidate for cpu sensor found, using random from all found sensors.

2024/06/03 (12:13:37) | ===> btop++ v.1.3.2
2024/06/03 (12:13:37) | WARNING: No good candidate for cpu sensor found, using random from all found sensors.

2024/06/03 (21:04:24) | ===> btop++ v.1.3.2
2024/06/03 (21:04:24) | WARNING: No good candidate for cpu sensor found, using random from all found sensors.

2024/06/04 (13:53:21) | ===> btop++ v.1.3.2
2024/06/04 (13:53:21) | WARNING: No good candidate for cpu sensor found, using random from all found sensors.

2024/06/07 (18:12:24) | ===> btop++ v.1.3.2
2024/06/07 (18:12:24) | WARNING: No good candidate for cpu sensor found, using random from all found sensors.

2024/06/07 (19:59:19) | ===> btop++ v.1.3.2
2024/06/07 (19:59:19) | WARNING: No good candidate for cpu sensor found, using random from all found sensors.

2024/06/07 (20:07:25) | ===> btop++ v.1.3.2
2024/06/07 (20:07:25) | WARNING: No good candidate for cpu sensor found, using random from all found sensors.

2024/06/07 (21:11:10) | ===> btop++ v.1.3.2
2024/06/07 (21:11:10) | WARNING: No good candidate for cpu sensor found, using random from all found sensors.

2024/06/09 (20:07:02) | ===> btop++ v.1.3.2
2024/06/09 (20:07:02) | WARNING: No good candidate for cpu sensor found, using random from all found sensors.

2024/06/09 (21:54:11) | ===> btop++ v.1.3.2
2024/06/09 (21:54:11) | WARNING: No good candidate for cpu sensor found, using random from all found sensors.

2024/06/10 (14:15:53) | ===> btop++ v.1.3.2
2024/06/10 (14:15:53) | WARNING: No good candidate for cpu sensor found, using random from all found sensors.

2024/06/14 (14:21:34) | ===> btop++ v.1.3.2
2024/06/14 (14:21:34) | WARNING: No good candidate for cpu sensor found, using random from all found sensors.
2024/06/14 (14:22:12) | ERROR: Stall in Runner thread, restarting!

2024/06/14 (21:33:49) | ===> btop++ v.1.3.2
2024/06/14 (21:33:49) | WARNING: No good candidate for cpu sensor found, using random from all found sensors.

2024/06/14 (21:51:03) | ===> btop++ v.1.3.2
2024/06/14 (21:51:03) | WARNING: No good candidate for cpu sensor found, using random from all found sensors.

2024/06/14 (21:51:09) | ===> btop++ v.1.3.2
2024/06/14 (21:51:09) | WARNING: No good candidate for cpu sensor found, using random from all found sensors.

2024/06/14 (21:54:44) | ===> btop++ v.1.3.2
2024/06/14 (21:54:44) | WARNING: No good candidate for cpu sensor found, using random from all found sensors.

2024/06/14 (22:05:37) | ===> btop++ v.1.3.2
2024/06/14 (22:05:37) | WARNING: No good candidate for cpu sensor found, using random from all found sensors.

2024/06/14 (22:06:11) | ===> btop++ v.1.3.2
2024/06/14 (22:06:11) | WARNING: No good candidate for cpu sensor found, using random from all found sensors.

2024/06/15 (22:46:57) | ===> btop++ v.1.3.2
2024/06/15 (22:46:57) | WARNING: No good candidate for cpu sensor found, using random from all found sensors.

2024/06/16 (14:27:40) | ===> btop++ v.1.3.2
2024/06/16 (14:27:40) | WARNING: No good candidate for cpu sensor found, using random from all found sensors.

2024/06/16 (21:27:54) | ===> btop++ v.1.3.2
2024/06/16 (21:27:54) | WARNING: No good candidate for cpu sensor found, using random from all found sensors.

2024/06/16 (21:29:15) | ===> btop++ v.1.3.2
2024/06/16 (21:29:15) | WARNING: No good candidate for cpu sensor found, using random from all found sensors.

2024/06/17 (16:12:12) | ===> btop++ v.1.3.2
2024/06/17 (16:12:12) | WARNING: No good candidate for cpu sensor found, using random from all found sensors.

2024/06/18 (22:14:52) | ===> btop++ v.1.3.2
2024/06/18 (22:14:52) | WARNING: No good candidate for cpu sensor found, using random from all found sensors.

2024/06/18 (22:15:19) | ===> btop++ v.1.3.2
2024/06/18 (22:15:19) | WARNING: No good candidate for cpu sensor found, using random from all found sensors.

2024/06/20 (10:30:23) | ===> btop++ v.1.3.2
2024/06/20 (10:30:23) | WARNING: No good candidate for cpu sensor found, using random from all found sensors.

2024/06/20 (10:40:50) | ===> btop++ v.1.3.2
2024/06/20 (10:40:50) | WARNING: No good candidate for cpu sensor found, using random from all found sensors.

2024/06/28 (12:31:38) | ===> btop++ v.1.3.2
2024/06/28 (12:31:38) | WARNING: No good candidate for cpu sensor found, using random from all found sensors.

2024/06/30 (14:15:20) | ===> btop++ v.1.3.2
2024/06/30 (14:15:20) | WARNING: No good candidate for cpu sensor found, using random from all found sensors.

2024/06/30 (18:40:04) | ===> btop++ v.1.3.2
2024/06/30 (18:40:04) | WARNING: No good candidate for cpu sensor found, using random from all found sensors.

2024/07/01 (09:31:18) | ===> btop++ v.1.3.2
2024/07/01 (09:31:18) | WARNING: No good candidate for cpu sensor found, using random from all found sensors.

2024/07/01 (09:39:07) | ===> btop++ v.1.3.2
2024/07/01 (09:39:07) | WARNING: No good candidate for cpu sensor found, using random from all found sensors.

2024/07/01 (09:41:46) | ===> btop++ v.1.3.2
2024/07/01 (09:41:46) | WARNING: No good candidate for cpu sensor found, using random from all found sensors.

2024/07/01 (09:42:18) | ===> btop++ v.1.3.2
2024/07/01 (09:42:18) | WARNING: No good candidate for cpu sensor found, using random from all found sensors.

2024/07/01 (09:42:25) | ===> btop++ v.1.3.2
2024/07/01 (09:42:25) | WARNING: No good candidate for cpu sensor found, using random from all found sensors.

2024/07/01 (09:43:00) | ===> btop++ v.1.3.2
2024/07/01 (09:43:00) | WARNING: No good candidate for cpu sensor found, using random from all found sensors.

2024/07/01 (09:43:02) | ===> btop++ v.1.3.2
2024/07/01 (09:43:02) | WARNING: No good candidate for cpu sensor found, using random from all found sensors.

2024/07/01 (09:43:13) | ===> btop++ v.1.3.2
2024/07/01 (09:43:13) | WARNING: No good candidate for cpu sensor found, using random from all found sensors.
